[grandunity.co.th/th/denim-jatujak2baf.html]
[backblue.gif]
[fade.gif]
[index.html]
[grandunity.co.th/th/denim-jatujak2baf.html]
[grandunity.co.th/css/chunk-vendors.ced4cde7.css]
[grandunity.co.th/favicon.png]
[grandunity.co.th/js/app.1c221f1f.js]
[grandunity.co.th/js/chunk-vendors.68bcdc9c.js]
[grandunity.co.th/css/app.bc0004c2.css]
[grandunity.co.th/css/app.bc0004c2.css]
[grandunity.co.th/img/ajax-loader.c5cd7f53.gif]
[grandunity.co.th/img/building.61bb329e.png]
[grandunity.co.th/img/building-mobile.8957bb41.png]
[grandunity.co.th/css/chunk-vendors.ced4cde7.css]
[use.typekit.net/pik4zii.css]
[use.typekit.net/pik4zii.css]
[use.typekit.net/af/6799c3/000000000000000000012e92/27/ae196]
[use.typekit.net/af/6799c3/000000000000000000012e92/27/le196]
[use.typekit.net/af/6799c3/000000000000000000012e92/27/de196]
[p.typekit.net/p998a.css]
[use.typekit.net/af/183be2/000000000000000000012e8f/27/a652f]
[use.typekit.net/af/183be2/000000000000000000012e8f/27/d652f]
[use.typekit.net/af/183be2/000000000000000000012e8f/27/l652f]
[use.typekit.net/af/bdb813/000000000000000000012e91/27/l3eab]
[use.typekit.net/af/bdb813/000000000000000000012e91/27/a3eab]
[use.typekit.net/af/bdb813/000000000000000000012e91/27/d3eab]
[use.typekit.net/af/4f40e2/000000000000000000012e93/27/l5bba]
[use.typekit.net/af/4f40e2/000000000000000000012e93/27/d5bba]
[use.typekit.net/af/4f40e2/000000000000000000012e93/27/a5bba]
